 _____                 _
/  ___|               | |                         (TM)
\ `--. _ __   ___  ___| |_ _ __ _   _ _ __ ___
 `--. \ '_ \ / _ \/ __| __| '__| | | | '_ ` _ \
/\__/ / |_) |  __/ (__| |_| |  | |_| | | | | | |
\____/| .__/ \___|\___|\__|_|   \__,_|_| |_| |_|
      | |
      |_|
2018.2.0


Welcome to the Spectrum Technology Platform. For assistance type "help" then hit ENTER.
--cmdfile=dflist.txt
Command '--cmdfile=dflist.txt' not found (for assistance press TAB)
--cmdfile=dflist.txt
Command '--cmdfile=dflist.txt' not found (for assistance press TAB)
--cmdfile=dflist.txt
Command '--cmdfile=dflist.txt' not found (for assistance press TAB)
--cmdfile=dflist.txt
Command '--cmdfile=dflist.txt' not found (for assistance press TAB)
--cmdfile=dflist.txt
Command '--cmdfile=dflist.txt' not found (for assistance press TAB)
--cmdfile=dflist.txt
Command '--cmdfile=dflist.txt' not found (for assistance press TAB)
--cmdfile=dflist.txt
Command '--cmdfile=dflist.txt' not found (for assistance press TAB)
--cmdfile=dflist.txt
Command '--cmdfile=dflist.txt' not found (for assistance press TAB)
--cmdfile=dflist.txt
Command '--cmdfile=dflist.txt' not found (for assistance press TAB)
--cmdfile=dflist.txt
Command '--cmdfile=dflist.txt' not found (for assistance press TAB)
